Using pre-set license
Built from '2021.1/staging' branch; Version is '2021.1.28f1 (f3f9dc10f3dd) revision 15989212'; Using compiler version '192528614'; Build Type 'Release'
OS: 'Windows 10 Education; OS build 19044.1645; Version 2009; 64bit' Language: 'en' Physical Memory: 65341 MB
BatchMode: 1, IsHumanControllingUs: 0, StartBugReporterOnCrash: 0, Is64bit: 1, IsPro: 0

COMMAND LINE ARGUMENTS:
D:\Unity\2021.1.28f1\Editor\Unity.exe
-adb2
-batchMode
-noUpm
-name
AssetImportWorker0
-projectPath
D:/Unity/SHVFS_P201_GD07_Claire
-logFile
Logs/AssetImportWorker0.log
-srvPort
11001
Successfully changed project path to: D:/Unity/SHVFS_P201_GD07_Claire
D:/Unity/SHVFS_P201_GD07_Claire
Using Asset Import Pipeline V2.
Refreshing native plugins compatible for Editor in 56.56 ms, found 3 plugins.
Preloading 0 native plugins for Editor in 0.00 ms.
Initialize engine version: 2021.1.28f1 (f3f9dc10f3dd)
[Subsystems] Discovering subsystems at path D:/Unity/2021.1.28f1/Editor/Data/Resources/UnitySubsystems
[Subsystems] Discovering subsystems at path D:/Unity/SHVFS_P201_GD07_Claire/Assets
GfxDevice: creating device client; threaded=0; jobified=0
Direct3D:
    Version:  Direct3D 11.0 [level 11.1]
    Renderer: NVIDIA GeForce RTX 3090 (ID=0x2204)
    Vendor:   NVIDIA
    VRAM:     24348 MB
    Driver:   30.0.15.1179
Initialize mono
Mono path[0] = 'D:/Unity/2021.1.28f1/Editor/Data/Managed'
Mono path[1] = 'D:/Unity/2021.1.28f1/Editor/Data/MonoBleedingEdge/lib/mono/unityjit'
Mono config path = 'D:/Unity/2021.1.28f1/Editor/Data/MonoBleedingEdge/etc'
Using monoOptions --debugger-agent=transport=dt_socket,embedding=1,server=y,suspend=n,address=127.0.0.1:56228
Begin MonoManager ReloadAssembly
Registering precompiled unity dll's ...
Register platform support module: D:/Unity/2021.1.28f1/Editor/Data/PlaybackEngines/WindowsStandaloneSupport/UnityEditor.WindowsStandalone.Extensions.dll
Registered in 0.001033 seconds.
Native extension for WindowsStandalone target not found
Refreshing native plugins compatible for Editor in 57.92 ms, found 3 plugins.
Preloading 0 native plugins for Editor in 0.00 ms.
Mono: successfully reloaded assembly
- Completed reload, in  0.725 seconds
Domain Reload Profiling:
	ReloadAssembly (725ms)
		BeginReloadAssembly (41ms)
			ExecutionOrderSort (0ms)
			DisableScriptedObjects (0ms)
			BackupInstance (0ms)
			ReleaseScriptingObjects (0ms)
			CreateAndSetChildDomain (1ms)
		EndReloadAssembly (322ms)
			LoadAssemblies (40ms)
			RebuildTransferFunctionScriptingTraits (0ms)
			SetupTypeCache (101ms)
			ReleaseScriptCaches (0ms)
			RebuildScriptCaches (19ms)
			SetupLoadedEditorAssemblies (169ms)
				LogAssemblyErrors (0ms)
				InitializePlatformSupportModulesInManaged (4ms)
				SetLoadedEditorAssemblies (0ms)
				RefreshPlugins (58ms)
				BeforeProcessingInitializeOnLoad (1ms)
				ProcessInitializeOnLoadAttributes (85ms)
				ProcessInitializeOnLoadMethodAttributes (20ms)
				AfterProcessingInitializeOnLoad (0ms)
				EditorAssembliesLoaded (0ms)
			ExecutionOrderSort2 (0ms)
			AwakeInstancesAfterBackupRestoration (0ms)
Platform modules already initialized, skipping
Registering precompiled user dll's ...
Registered in 0.003818 seconds.
Begin MonoManager ReloadAssembly
Symbol file LoadedFromMemory doesn't match image D:\Unity\SHVFS_P201_GD07_Claire\Library\PackageCache\com.unity.visualscripting@1.6.1\Editor\VisualScripting.Core\Dependencies\YamlDotNet\Unity.VisualScripting.YamlDotNet.dll
Symbol file LoadedFromMemory doesn't match image D:\Unity\SHVFS_P201_GD07_Claire\Library\PackageCache\com.unity.visualscripting@1.6.1\Editor\VisualScripting.Core\Dependencies\DotNetZip\Unity.VisualScripting.IonicZip.dll
Native extension for WindowsStandalone target not found
Refreshing native plugins compatible for Editor in 0.41 ms, found 3 plugins.
Preloading 0 native plugins for Editor in 0.00 ms.
Mono: successfully reloaded assembly
- Completed reload, in  0.726 seconds
Domain Reload Profiling:
	ReloadAssembly (726ms)
		BeginReloadAssembly (99ms)
			ExecutionOrderSort (0ms)
			DisableScriptedObjects (3ms)
			BackupInstance (0ms)
			ReleaseScriptingObjects (0ms)
			CreateAndSetChildDomain (13ms)
		EndReloadAssembly (589ms)
			LoadAssemblies (66ms)
			RebuildTransferFunctionScriptingTraits (0ms)
			SetupTypeCache (221ms)
			ReleaseScriptCaches (1ms)
			RebuildScriptCaches (32ms)
			SetupLoadedEditorAssemblies (213ms)
				LogAssemblyErrors (0ms)
				InitializePlatformSupportModulesInManaged (3ms)
				SetLoadedEditorAssemblies (0ms)
				RefreshPlugins (0ms)
				BeforeProcessingInitializeOnLoad (46ms)
				ProcessInitializeOnLoadAttributes (154ms)
				ProcessInitializeOnLoadMethodAttributes (6ms)
				AfterProcessingInitializeOnLoad (3ms)
				EditorAssembliesLoaded (0ms)
			ExecutionOrderSort2 (0ms)
			AwakeInstancesAfterBackupRestoration (5ms)
Platform modules already initialized, skipping
========================================================================
Worker process is ready to serve import requests
Launched and connected shader compiler UnityShaderCompiler.exe after 0.03 seconds
Refreshing native plugins compatible for Editor in 0.42 ms, found 3 plugins.
Preloading 0 native plugins for Editor in 0.00 ms.
Unloading 3053 Unused Serialized files (Serialized files now loaded: 0)
System memory in use before: 108.3 MB.
System memory in use after: 108.5 MB.

Unloading 23 unused Assets to reduce memory usage. Loaded Objects now: 3496.
Total: 2.036800 ms (FindLiveObjects: 0.165100 ms CreateObjectMapping: 0.084400 ms MarkObjects: 1.739900 ms  DeleteObjects: 0.046400 ms)

AssetImportParameters requested are different than current active one (requested -> active):
  custom:framework-win-MediaFoundation: 216162199b28c13a410421893ffa2e32 -> 
  custom:video-decoder-ogg-theora: a1e56fd34408186e4bbccfd4996cb3dc -> 
  custom:container-muxer-webm: aa71ff27fc2769a1b78a27578f13a17b -> 
  custom:container-demuxer-webm: 4f35f7cbe854078d1ac9338744f61a02 -> 
  custom:container-demuxer-ogg: 62fdf1f143b41e24485cea50d1cbac27 -> 
  custom:video-encoder-webm-vp8: eb34c28f22e8b96e1ab97ce403110664 -> 
  custom:video-decoder-webm-vp8: 9c59270c3fd7afecdb556c50c9e8de78 -> 
  custom:audio-decoder-ogg-vorbis: bf7c407c2cedff20999df2af8eb42d56 -> 
  custom:audio-encoder-webm-vorbis: bf7c407c2cedff20999df2af8eb42d56 -> 
========================================================================
Received Import Request.
  path: Assets/Prefebs/Pill.prefab
  artifactKey: Guid(696744e3e7149e0408355cec6f081e0c) Importer(815301076,1909f56bfc062723c751e8b465ee728b)
Start importing Assets/Prefebs/Pill.prefab using Guid(696744e3e7149e0408355cec6f081e0c) Importer(815301076,1909f56bfc062723c751e8b465ee728b)  -> (artifact id: '9f4e97f1cbbb6f627d5703db12bda99c') in 0.071419 seconds 
========================================================================
Received Import Request.
  Time since last request: 0.000162 seconds.
  path: Assets/Prefebs/Hackman.prefab
  artifactKey: Guid(e918c2ba881eea541b7ff3ac0ea4bce0) Importer(815301076,1909f56bfc062723c751e8b465ee728b)
Start importing Assets/Prefebs/Hackman.prefab using Guid(e918c2ba881eea541b7ff3ac0ea4bce0) Importer(815301076,1909f56bfc062723c751e8b465ee728b)  -> (artifact id: '6e7da55f1f5a2ee551ba262992abd7cd') in 0.007016 seconds 
========================================================================
Received Import Request.
  Time since last request: 0.000155 seconds.
  path: Assets/Prefebs/Wall.prefab
  artifactKey: Guid(b3ddd7db9097e6b41afbd4f9e869c736) Importer(815301076,1909f56bfc062723c751e8b465ee728b)
Start importing Assets/Prefebs/Wall.prefab using Guid(b3ddd7db9097e6b41afbd4f9e869c736) Importer(815301076,1909f56bfc062723c751e8b465ee728b)  -> (artifact id: 'de37a3335c67760c0e5522a1eb400f88') in 0.006594 seconds 
========================================================================
Received Import Request.
  Time since last request: 0.000165 seconds.
  path: Assets/Prefebs/Ghost.prefab
  artifactKey: Guid(23dda67dc8177c44696b0d302d549de7) Importer(815301076,1909f56bfc062723c751e8b465ee728b)
Start importing Assets/Prefebs/Ghost.prefab using Guid(23dda67dc8177c44696b0d302d549de7) Importer(815301076,1909f56bfc062723c751e8b465ee728b)  -> (artifact id: 'd71b341993aa713cc267bc80db3f088a') in 0.017969 seconds 
========================================================================
Received Import Request.
  Time since last request: 187.557911 seconds.
  path: Assets/Scripts/Evently.cs
  artifactKey: Guid(9331e481b2a916d4ca02b1b1f21a8299) Importer(815301076,1909f56bfc062723c751e8b465ee728b)
Start importing Assets/Scripts/Evently.cs using Guid(9331e481b2a916d4ca02b1b1f21a8299) Importer(815301076,1909f56bfc062723c751e8b465ee728b)  -> (artifact id: '08c7d2d53c07646e8f782a17cbd41f9b') in 0.004387 seconds 
========================================================================
Received Import Request.
  Time since last request: 1525.816496 seconds.
  path: Assets/CollectionSystem.cs
  artifactKey: Guid(390c9a44d5dac3f4fac823c6b92bd189) Importer(815301076,1909f56bfc062723c751e8b465ee728b)
Start importing Assets/CollectionSystem.cs using Guid(390c9a44d5dac3f4fac823c6b92bd189) Importer(815301076,1909f56bfc062723c751e8b465ee728b)  -> (artifact id: '9a9f24180366ca76f4c9aedb2379dbc4') in 0.002412 seconds 
========================================================================
Received Import Request.
  Time since last request: 1301.414762 seconds.
  path: Assets/CollectionSystem.cs
  artifactKey: Guid(390c9a44d5dac3f4fac823c6b92bd189) Importer(815301076,1909f56bfc062723c751e8b465ee728b)
Start importing Assets/CollectionSystem.cs using Guid(390c9a44d5dac3f4fac823c6b92bd189) Importer(815301076,1909f56bfc062723c751e8b465ee728b)  -> (artifact id: '24f8d2b3a49ea356fc8c8fbc09500595') in 0.002102 seconds 
========================================================================
Received Import Request.
  Time since last request: 2130.360576 seconds.
  path: Assets/CollectorSystem.cs
  artifactKey: Guid(5b063514dad785c4ca09816da0ce9485) Importer(815301076,1909f56bfc062723c751e8b465ee728b)
Start importing Assets/CollectorSystem.cs using Guid(5b063514dad785c4ca09816da0ce9485) Importer(815301076,1909f56bfc062723c751e8b465ee728b)  -> (artifact id: '542dec53440b9b2bd328cb8ac0749568') in 0.002586 seconds 
========================================================================
Received Import Request.
  Time since last request: 27.126453 seconds.
  path: Assets/CollectorComponent.cs
  artifactKey: Guid(911a8d860468aba4f99f96023fea2f54) Importer(815301076,1909f56bfc062723c751e8b465ee728b)
Start importing Assets/CollectorComponent.cs using Guid(911a8d860468aba4f99f96023fea2f54) Importer(815301076,1909f56bfc062723c751e8b465ee728b)  -> (artifact id: 'bebe0cfe82054e435f08d943b428d803') in 0.305078 seconds 
========================================================================
Received Import Request.
  Time since last request: 665.423779 seconds.
  path: Assets/Singleton.cs
  artifactKey: Guid(d9219ac0f76fcae448aa72eb4a7a1bb9) Importer(815301076,1909f56bfc062723c751e8b465ee728b)
Start importing Assets/Singleton.cs using Guid(d9219ac0f76fcae448aa72eb4a7a1bb9) Importer(815301076,1909f56bfc062723c751e8b465ee728b)  -> (artifact id: 'aab123b1e5cf16457ffc20b3c57c3c6b') in 0.002383 seconds 
========================================================================
Received Import Request.
  Time since last request: 400.797246 seconds.
  path: Assets/CollectableComponent.cs
  artifactKey: Guid(aa0334543012cf14796241134ad050b6) Importer(815301076,1909f56bfc062723c751e8b465ee728b)
Start importing Assets/CollectableComponent.cs using Guid(aa0334543012cf14796241134ad050b6) Importer(815301076,1909f56bfc062723c751e8b465ee728b)  -> (artifact id: '7dd708caf1805bab48c403bbc85e9435') in 0.002397 seconds 
========================================================================
Received Import Request.
  Time since last request: 264.241000 seconds.
  path: Assets/CollectionEvent.cs
  artifactKey: Guid(42329dc2f1d933041b67cdecc6100750) Importer(815301076,1909f56bfc062723c751e8b465ee728b)
Start importing Assets/CollectionEvent.cs using Guid(42329dc2f1d933041b67cdecc6100750) Importer(815301076,1909f56bfc062723c751e8b465ee728b)  -> (artifact id: 'b0a340af8eefc1b402730fdbdc9bc6e8') in 0.002880 seconds 
AssetImportWorkerClient::OnTransportError - code=2 error=End of file
